<?xml version="1.0" encoding="UTF-8"?>
<!-- Generated by org.testng.reporters.JUnitReportReporter -->
<testsuite hostname="DESKTOP-UAETRNU" failures="0" tests="3" name="com.hha.testcases.LoginPageTest" time="0.409" errors="0" timestamp="2024-05-05T12:10:18 IST" skipped="0">
  <testcase classname="com.hha.testcases.LoginPageTest" name="verifyTitle" time="0.044"/>
  <system-out/>
  <testcase classname="com.hha.testcases.LoginPageTest" name="verifyURLOfApplicationTest" time="0.016"/>
  <system-out/>
  <testcase classname="com.hha.testcases.LoginPageTest" name="verifylogin" time="0.349"/>
  <system-out/>
</testsuite> <!-- com.hha.testcases.LoginPageTest -->
